This is pdfTeX, Version 3.141592653-2.6-1.40.26 (TeX Live 2024) (preloaded format=pdflatex 2025.2.25)  6 MAY 2025 01:12
entering extended mode
 restricted \write18 enabled.
 file:line:error style messages enabled.
 %&-line parsing enabled.
**"/Users/jdgomez/UVG/Innovation & Design/innovation-and-design/main.tex"
(/Users/jdgomez/UVG/Innovation & Design/innovation-and-design/main.tex
LaTeX2e <2023-11-01> patch level 1
L3 programming layer <2024-02-20>
(/usr/local/texlive/2024/texmf-dist/tex/latex/base/report.cls
Document Class: report 2023/05/17 v1.4n Standard LaTeX document class
(/usr/local/texlive/2024/texmf-dist/tex/latex/base/size10.clo
File: size10.clo 2023/05/17 v1.4n Standard LaTeX file (size option)
)
\c@part=\count188
\c@chapter=\count189
\c@section=\count190
\c@subsection=\count191
\c@subsubsection=\count192
\c@paragraph=\count193
\c@subparagraph=\count194
\c@figure=\count195
\c@table=\count196
\abovecaptionskip=\skip48
\belowcaptionskip=\skip49
\bibindent=\dimen140
) (/usr/local/texlive/2024/texmf-dist/tex/generic/babel/babel.sty
Package: babel 2024/02/07 v24.2 The Babel package
\babel@savecnt=\count197
\U@D=\dimen141
\l@unhyphenated=\language89
 (/usr/local/texlive/2024/texmf-dist/tex/generic/babel/txtbabel.def)
\bbl@readstream=\read2
\bbl@dirlevel=\count198
 (/usr/local/texlive/2024/texmf-dist/tex/generic/babel-spanish/spanish.ldf
Language: spanish.ldf 2021/05/27 v5.0q Spanish support from the babel system
\es@quottoks=\toks17
\es@quotdepth=\count199
Package babel Info: Making " an active character on input line 570.
)) (/usr/local/texlive/2024/texmf-dist/tex/generic/babel/locale/es/babel-spanish.tex
Package babel Info: Importing font and identification data for spanish
(babel)             from babel-es.ini. Reported on input line 11.
)
LaTeX Info: Redefining \. on input line 5.
LaTeX Info: Redefining \% on input line 5.
 (/usr/local/texlive/2024/texmf-dist/tex/latex/base/inputenc.sty
Package: inputenc 2021/02/14 v1.3d Input encoding file
\inpenc@prehook=\toks18
\inpenc@posthook=\toks19
) (/usr/local/texlive/2024/texmf-dist/tex/latex/base/fontenc.sty
Package: fontenc 2021/04/29 v2.0v Standard LaTeX package
) (./datos_estudiante.tex) (./opciones_adicionales.tex) (/usr/local/texlive/2024/texmf-dist/tex/latex/xcolor/xcolor.sty
Package: xcolor 2023/11/15 v3.01 LaTeX color extensions (UK)
 (/usr/local/texlive/2024/texmf-dist/tex/latex/graphics-cfg/color.cfg
File: color.cfg 2016/01/02 v1.6 sample color configuration
)
Package xcolor Info: Driver file: pdftex.def on input line 274.
 (/usr/local/texlive/2024/texmf-dist/tex/latex/graphics-def/pdftex.def
File: pdftex.def 2022/09/22 v1.2b Graphics/color driver for pdftex
) (/usr/local/texlive/2024/texmf-dist/tex/latex/graphics/mathcolor.ltx)
Package xcolor Info: Model `cmy' substituted by `cmy0' on input line 1350.
Package xcolor Info: Model `hsb' substituted by `rgb' on input line 1354.
Package xcolor Info: Model `RGB' extended on input line 1366.
Package xcolor Info: Model `HTML' substituted by `rgb' on input line 1368.
Package xcolor Info: Model `Hsb' substituted by `hsb' on input line 1369.
Package xcolor Info: Model `tHsb' substituted by `hsb' on input line 1370.
Package xcolor Info: Model `HSB' substituted by `hsb' on input line 1371.
Package xcolor Info: Model `Gray' substituted by `gray' on input line 1372.
Package xcolor Info: Model `wave' substituted by `hsb' on input line 1373.
) (/usr/local/texlive/2024/texmf-dist/tex/latex/amsfonts/amsfonts.sty
Package: amsfonts 2013/01/14 v3.01 Basic AMSFonts support
\@emptytoks=\toks20
\symAMSa=\mathgroup4
\symAMSb=\mathgroup5
LaTeX Font Info:    Redeclaring math symbol \hbar on input line 98.
LaTeX Font Info:    Overwriting math alphabet `\mathfrak' in version `bold'
(Font)                  U/euf/m/n --> U/euf/b/n on input line 106.
) (/usr/local/texlive/2024/texmf-dist/tex/latex/amsmath/amsmath.sty
Package: amsmath 2023/05/13 v2.17o AMS math features
\@mathmargin=\skip50

For additional information on amsmath, use the `?' option.
(/usr/local/texlive/2024/texmf-dist/tex/latex/amsmath/amstext.sty
Package: amstext 2021/08/26 v2.01 AMS text
 (/usr/local/texlive/2024/texmf-dist/tex/latex/amsmath/amsgen.sty
File: amsgen.sty 1999/11/30 v2.0 generic functions
\@emptytoks=\toks21
\ex@=\dimen142
)) (/usr/local/texlive/2024/texmf-dist/tex/latex/amsmath/amsbsy.sty
Package: amsbsy 1999/11/29 v1.2d Bold Symbols
\pmbraise@=\dimen143
) (/usr/local/texlive/2024/texmf-dist/tex/latex/amsmath/amsopn.sty
Package: amsopn 2022/04/08 v2.04 operator names
)
\inf@bad=\count266
LaTeX Info: Redefining \frac on input line 234.
\uproot@=\count267
\leftroot@=\count268
LaTeX Info: Redefining \overline on input line 399.
LaTeX Info: Redefining \colon on input line 410.
\classnum@=\count269
\DOTSCASE@=\count270
LaTeX Info: Redefining \ldots on input line 496.
LaTeX Info: Redefining \dots on input line 499.
LaTeX Info: Redefining \cdots on input line 620.
\Mathstrutbox@=\box51
\strutbox@=\box52
LaTeX Info: Redefining \big on input line 722.
LaTeX Info: Redefining \Big on input line 723.
LaTeX Info: Redefining \bigg on input line 724.
LaTeX Info: Redefining \Bigg on input line 725.
\big@size=\dimen144
LaTeX Font Info:    Redeclaring font encoding OML on input line 743.
LaTeX Font Info:    Redeclaring font encoding OMS on input line 744.
\macc@depth=\count271
LaTeX Info: Redefining \bmod on input line 905.
LaTeX Info: Redefining \pmod on input line 910.
LaTeX Info: Redefining \smash on input line 940.
LaTeX Info: Redefining \relbar on input line 970.
LaTeX Info: Redefining \Relbar on input line 971.
\c@MaxMatrixCols=\count272
\dotsspace@=\muskip16
\c@parentequation=\count273
\dspbrk@lvl=\count274
\tag@help=\toks22
\row@=\count275
\column@=\count276
\maxfields@=\count277
\andhelp@=\toks23
\eqnshift@=\dimen145
\alignsep@=\dimen146
\tagshift@=\dimen147
\tagwidth@=\dimen148
\totwidth@=\dimen149
\lineht@=\dimen150
\@envbody=\toks24
\multlinegap=\skip51
\multlinetaggap=\skip52
\mathdisplay@stack=\toks25
LaTeX Info: Redefining \[ on input line 2953.
LaTeX Info: Redefining \] on input line 2954.
) (/usr/local/texlive/2024/texmf-dist/tex/latex/amsfonts/amssymb.sty
Package: amssymb 2013/01/14 v3.01 AMS font symbols
) (/usr/local/texlive/2024/texmf-dist/tex/latex/amscls/amsthm.sty
Package: amsthm 2020/05/29 v2.20.6
\thm@style=\toks26
\thm@bodyfont=\toks27
\thm@headfont=\toks28
\thm@notefont=\toks29
\thm@headpunct=\toks30
\thm@preskip=\skip53
\thm@postskip=\skip54
\thm@headsep=\skip55
\dth@everypar=\toks31
) (/usr/local/texlive/2024/texmf-dist/tex/latex/mathtools/mathtools.sty
Package: mathtools 2024/03/11 v1.30 mathematical typesetting tools
 (/usr/local/texlive/2024/texmf-dist/tex/latex/graphics/keyval.sty
Package: keyval 2022/05/29 v1.15 key=value parser (DPC)
\KV@toks@=\toks32
) (/usr/local/texlive/2024/texmf-dist/tex/latex/tools/calc.sty
Package: calc 2023/07/08 v4.3 Infix arithmetic (KKT,FJ)
\calc@Acount=\count278
\calc@Bcount=\count279
\calc@Adimen=\dimen151
\calc@Bdimen=\dimen152
\calc@Askip=\skip56
\calc@Bskip=\skip57
LaTeX Info: Redefining \setlength on input line 80.
LaTeX Info: Redefining \addtolength on input line 81.
\calc@Ccount=\count280
\calc@Cskip=\skip58
) (/usr/local/texlive/2024/texmf-dist/tex/latex/mathtools/mhsetup.sty
Package: mhsetup 2021/03/18 v1.4 programming setup (MH)
)
\g_MT_multlinerow_int=\count281
\l_MT_multwidth_dim=\dimen153
\origjot=\skip59
\l_MT_shortvdotswithinadjustabove_dim=\dimen154
\l_MT_shortvdotswithinadjustbelow_dim=\dimen155
\l_MT_above_intertext_sep=\dimen156
\l_MT_below_intertext_sep=\dimen157
\l_MT_above_shortintertext_sep=\dimen158
\l_MT_below_shortintertext_sep=\dimen159
\xmathstrut@box=\box53
\xmathstrut@dim=\dimen160
) (/usr/local/texlive/2024/texmf-dist/tex/latex/graphics/graphicx.sty
Package: graphicx 2021/09/16 v1.2d Enhanced LaTeX Graphics (DPC,SPQR)
 (/usr/local/texlive/2024/texmf-dist/tex/latex/graphics/graphics.sty
Package: graphics 2022/03/10 v1.4e Standard LaTeX Graphics (DPC,SPQR)
 (/usr/local/texlive/2024/texmf-dist/tex/latex/graphics/trig.sty
Package: trig 2021/08/11 v1.11 sin cos tan (DPC)
) (/usr/local/texlive/2024/texmf-dist/tex/latex/graphics-cfg/graphics.cfg
File: graphics.cfg 2016/06/04 v1.11 sample graphics configuration
)
Package graphics Info: Driver file: pdftex.def on input line 107.
)
\Gin@req@height=\dimen161
\Gin@req@width=\dimen162
) (/usr/local/texlive/2024/texmf-dist/tex/latex/xfrac/xfrac.sty
Package: xfrac 2024-02-13 Split-level fractions
 (/usr/local/texlive/2024/texmf-dist/tex/latex/l3packages/xtemplate/xtemplate.sty (/usr/local/texlive/2024/texmf-dist/tex/latex/l3packages/xtemplate/xtemplate-2023-10-10.sty (/usr/local/texlive/2024/texmf-dist/tex/latex/l3kernel/expl3.sty
Package: expl3 2024-02-20 L3 programming layer (loader) 
 (/usr/local/texlive/2024/texmf-dist/tex/latex/l3backend/l3backend-pdftex.def
File: l3backend-pdftex.def 2024-02-20 L3 backend support: PDF output (pdfTeX)
\l__color_backend_stack_int=\count282
\l__pdf_internal_box=\box54
))
Package: xtemplate 2023-10-10 L3 Experimental prototype document functions
\l__xtemplate_tmp_dim=\dimen163
\l__xtemplate_tmp_int=\count283
\l__xtemplate_tmp_muskip=\muskip17
\l__xtemplate_tmp_skip=\skip60
))
\l__xfrac_slash_box=\box55
\l__xfrac_tmp_box=\box56
\l__xfrac_denominator_bot_sep_dim=\dimen164
\l__xfrac_numerator_bot_sep_dim=\dimen165
\l__xfrac_numerator_top_sep_dim=\dimen166
\l__xfrac_slash_left_sep_dim=\dimen167
\l__xfrac_slash_right_sep_dim=\dimen168
\l__xfrac_slash_left_muskip=\muskip18
\l__xfrac_slash_right_muskip=\muskip19

Package xtemplate Info: Declaring object type 'xfrac' taking 3 argument(s) on
(xtemplate)             line 98.

) (/usr/local/texlive/2024/texmf-dist/tex/latex/float/float.sty
Package: float 2001/11/08 v1.3d Float enhancements (AL)
\c@float@type=\count284
\float@exts=\toks33
\float@box=\box57
\@float@everytoks=\toks34
\@floatcapt=\box58
) (/usr/local/texlive/2024/texmf-dist/tex/latex/tools/tabularx.sty
Package: tabularx 2023/07/08 v2.11c `tabularx' package (DPC)
 (/usr/local/texlive/2024/texmf-dist/tex/latex/tools/array.sty
Package: array 2023/10/16 v2.5g Tabular extension package (FMi)
\col@sep=\dimen169
\ar@mcellbox=\box59
\extrarowheight=\dimen170
\NC@list=\toks35
\extratabsurround=\skip61
\backup@length=\skip62
\ar@cellbox=\box60
)
\TX@col@width=\dimen171
\TX@old@table=\dimen172
\TX@old@col=\dimen173
\TX@target=\dimen174
\TX@delta=\dimen175
\TX@cols=\count285
\TX@ftn=\toks36
) (/usr/local/texlive/2024/texmf-dist/tex/latex/hyperref/hyperref.sty
Package: hyperref 2024-01-20 v7.01h Hypertext links for LaTeX
 (/usr/local/texlive/2024/texmf-dist/tex/generic/iftex/iftex.sty
Package: iftex 2022/02/03 v1.0f TeX engine tests
) (/usr/local/texlive/2024/texmf-dist/tex/latex/kvsetkeys/kvsetkeys.sty
Package: kvsetkeys 2022-10-05 v1.19 Key value parser (HO)
) (/usr/local/texlive/2024/texmf-dist/tex/generic/kvdefinekeys/kvdefinekeys.sty
Package: kvdefinekeys 2019-12-19 v1.6 Define keys (HO)
) (/usr/local/texlive/2024/texmf-dist/tex/generic/pdfescape/pdfescape.sty
Package: pdfescape 2019/12/09 v1.15 Implements pdfTeX's escape features (HO)
 (/usr/local/texlive/2024/texmf-dist/tex/generic/ltxcmds/ltxcmds.sty
Package: ltxcmds 2023-12-04 v1.26 LaTeX kernel commands for general use (HO)
) (/usr/local/texlive/2024/texmf-dist/tex/generic/pdftexcmds/pdftexcmds.sty
Package: pdftexcmds 2020-06-27 v0.33 Utility functions of pdfTeX for LuaTeX (HO)
 (/usr/local/texlive/2024/texmf-dist/tex/generic/infwarerr/infwarerr.sty
Package: infwarerr 2019/12/03 v1.5 Providing info/warning/error messages (HO)
)
Package pdftexcmds Info: \pdf@primitive is available.
Package pdftexcmds Info: \pdf@ifprimitive is available.
Package pdftexcmds Info: \pdfdraftmode found.
)) (/usr/local/texlive/2024/texmf-dist/tex/latex/hycolor/hycolor.sty
Package: hycolor 2020-01-27 v1.10 Color options for hyperref/bookmark (HO)
) (/usr/local/texlive/2024/texmf-dist/tex/latex/auxhook/auxhook.sty
Package: auxhook 2019-12-17 v1.6 Hooks for auxiliary files (HO)
) (/usr/local/texlive/2024/texmf-dist/tex/latex/hyperref/nameref.sty
Package: nameref 2023-11-26 v2.56 Cross-referencing by name of section
 (/usr/local/texlive/2024/texmf-dist/tex/latex/refcount/refcount.sty
Package: refcount 2019/12/15 v3.6 Data extraction from label references (HO)
) (/usr/local/texlive/2024/texmf-dist/tex/generic/gettitlestring/gettitlestring.sty
Package: gettitlestring 2019/12/15 v1.6 Cleanup title references (HO)
 (/usr/local/texlive/2024/texmf-dist/tex/latex/kvoptions/kvoptions.sty
Package: kvoptions 2022-06-15 v3.15 Key value format for package options (HO)
))
\c@section@level=\count286
) (/usr/local/texlive/2024/texmf-dist/tex/latex/etoolbox/etoolbox.sty
Package: etoolbox 2020/10/05 v2.5k e-TeX tools for LaTeX (JAW)
\etb@tempcnta=\count287
)
\@linkdim=\dimen176
\Hy@linkcounter=\count288
\Hy@pagecounter=\count289
 (/usr/local/texlive/2024/texmf-dist/tex/latex/hyperref/pd1enc.def
File: pd1enc.def 2024-01-20 v7.01h Hyperref: PDFDocEncoding definition (HO)
Now handling font encoding PD1 ...
... no UTF-8 mapping file for font encoding PD1
) (/usr/local/texlive/2024/texmf-dist/tex/generic/intcalc/intcalc.sty
Package: intcalc 2019/12/15 v1.3 Expandable calculations with integers (HO)
)
\Hy@SavedSpaceFactor=\count290
 (/usr/local/texlive/2024/texmf-dist/tex/latex/hyperref/puenc.def
File: puenc.def 2024-01-20 v7.01h Hyperref: PDF Unicode definition (HO)
Now handling font encoding PU ...
... no UTF-8 mapping file for font encoding PU
)
Package hyperref Info: Option `hypertexnames' set `false' on input line 4062.
Package hyperref Info: Hyper figures OFF on input line 4179.
Package hyperref Info: Link nesting OFF on input line 4184.
Package hyperref Info: Hyper index ON on input line 4187.
Package hyperref Info: Plain pages OFF on input line 4194.
Package hyperref Info: Backreferencing OFF on input line 4199.
Package hyperref Info: Implicit mode ON; LaTeX internals redefined.
Package hyperref Info: Bookmarks ON on input line 4446.
\c@Hy@tempcnt=\count291
 (/usr/local/texlive/2024/texmf-dist/tex/latex/url/url.sty
\Urlmuskip=\muskip20
Package: url 2013/09/16  ver 3.4  Verb mode for urls, etc.
)
LaTeX Info: Redefining \url on input line 4784.
\XeTeXLinkMargin=\dimen177
 (/usr/local/texlive/2024/texmf-dist/tex/generic/bitset/bitset.sty
Package: bitset 2019/12/09 v1.3 Handle bit-vector datatype (HO)
 (/usr/local/texlive/2024/texmf-dist/tex/generic/bigintcalc/bigintcalc.sty
Package: bigintcalc 2019/12/15 v1.5 Expandable calculations on big integers (HO)
))
\Fld@menulength=\count292
\Field@Width=\dimen178
\Fld@charsize=\dimen179
Package hyperref Info: Hyper figures OFF on input line 6063.
Package hyperref Info: Link nesting OFF on input line 6068.
Package hyperref Info: Hyper index ON on input line 6071.
Package hyperref Info: backreferencing OFF on input line 6078.
Package hyperref Info: Link coloring OFF on input line 6083.
Package hyperref Info: Link coloring with OCG OFF on input line 6088.
Package hyperref Info: PDF/A mode OFF on input line 6093.
 (/usr/local/texlive/2024/texmf-dist/tex/latex/base/atbegshi-ltx.sty
Package: atbegshi-ltx 2021/01/10 v1.0c Emulation of the original atbegshi
package with kernel methods
)
\Hy@abspage=\count293
\c@Item=\count294
\c@Hfootnote=\count295
)
Package hyperref Info: Driver (autodetected): hpdftex.
 (/usr/local/texlive/2024/texmf-dist/tex/latex/hyperref/hpdftex.def
File: hpdftex.def 2024-01-20 v7.01h Hyperref driver for pdfTeX
 (/usr/local/texlive/2024/texmf-dist/tex/latex/base/atveryend-ltx.sty
Package: atveryend-ltx 2020/08/19 v1.0a Emulation of the original atveryend package
with kernel methods
)
\Fld@listcount=\count296
\c@bookmark@seq@number=\count297
 (/usr/local/texlive/2024/texmf-dist/tex/latex/rerunfilecheck/rerunfilecheck.sty
Package: rerunfilecheck 2022-07-10 v1.10 Rerun checks for auxiliary files (HO)
 (/usr/local/texlive/2024/texmf-dist/tex/generic/uniquecounter/uniquecounter.sty
Package: uniquecounter 2019/12/15 v1.4 Provide unlimited unique counter (HO)
)
Package uniquecounter Info: New unique counter `rerunfilecheck' on input line 285.
)
\Hy@SectionHShift=\skip63
) (/usr/local/texlive/2024/texmf-dist/tex/latex/caption/subcaption.sty
Package: subcaption 2023/07/28 v1.6b Sub-captions (AR)
 (/usr/local/texlive/2024/texmf-dist/tex/latex/caption/caption.sty
Package: caption 2023/08/05 v3.6o Customizing captions (AR)
 (/usr/local/texlive/2024/texmf-dist/tex/latex/caption/caption3.sty
Package: caption3 2023/07/31 v2.4d caption3 kernel (AR)
\caption@tempdima=\dimen180
\captionmargin=\dimen181
\caption@leftmargin=\dimen182
\caption@rightmargin=\dimen183
\caption@width=\dimen184
\caption@indent=\dimen185
\caption@parindent=\dimen186
\caption@hangindent=\dimen187
Package caption Info: Standard document class detected.
)
\c@caption@flags=\count298
\c@continuedfloat=\count299
Package caption Info: float package is loaded.
Package caption Info: hyperref package is loaded.
)
Package caption Info: New subtype `subfigure' on input line 238.
\c@subfigure=\count300
Package caption Info: New subtype `subtable' on input line 238.
\c@subtable=\count301
) (/usr/local/texlive/2024/texmf-dist/tex/latex/babelbib/babelbib.sty
Package: babelbib 2021/01/06 v1.34 babelbib: multilingual bibliographies
\c@btxromaniannumeral=\count302
) (/usr/local/texlive/2024/texmf-dist/tex/latex/overpic/overpic.sty
Package: overpic 2024/01/06 2.1 picture overlays (RN)
 (/usr/local/texlive/2024/texmf-dist/tex/latex/eepic/epic.sty
Enhancements to Picture Environment. Version 1.2 - Released June 1, 1986
\@@multicnt=\count303
\d@lta=\count304
\@delta=\dimen188
\@@delta=\dimen189
\@gridcnt=\count305
\@joinkind=\count306
\@dotgap=\dimen190
\@ddotgap=\dimen191
\@x@diff=\count307
\@y@diff=\count308
\x@diff=\dimen192
\y@diff=\dimen193
\@dotbox=\box61
\num@segments=\count309
\num@segmentsi=\count310
\@datafile=\read3
)
\OVP@box=\box62
) (/usr/local/texlive/2024/texmf-dist/tex/latex/glossaries/base/glossaries.sty
Package: glossaries 2023/09/29 v4.53 (NLCT)
 (/usr/local/texlive/2024/texmf-dist/tex/latex/base/ifthen.sty
Package: ifthen 2022/04/13 v1.1d Standard LaTeX ifthen package (DPC)
) (/usr/local/texlive/2024/texmf-dist/tex/latex/xkeyval/xkeyval.sty
Package: xkeyval 2022/06/16 v2.9 package option processing (HA)
 (/usr/local/texlive/2024/texmf-dist/tex/generic/xkeyval/xkeyval.tex (/usr/local/texlive/2024/texmf-dist/tex/generic/xkeyval/xkvutils.tex
\XKV@toks=\toks37
\XKV@tempa@toks=\toks38
)
\XKV@depth=\count311
File: xkeyval.tex 2014/12/03 v2.7a key=value parser (HA)
)) (/usr/local/texlive/2024/texmf-dist/tex/latex/mfirstuc/mfirstuc.sty
Package: mfirstuc 2022/10/14 v2.08 (NLCT)
\@glsmfirst=\toks39
\@glsmrest=\toks40
) (/usr/local/texlive/2024/texmf-dist/tex/latex/xfor/xfor.sty
Package: xfor 2009/02/05 v1.05 (NLCT)
) (/usr/local/texlive/2024/texmf-dist/tex/latex/datatool/datatool-base.sty
Package: datatool-base 2019/09/27 v2.32 (NLCT)
 (/usr/local/texlive/2024/texmf-dist/tex/latex/substr/substr.sty
Package: substr 2009/10/20 v1.2 Handle substrings
\c@su@anzahl=\count312
) (/usr/local/texlive/2024/texmf-dist/tex/latex/datatool/datatool-fp.sty
Package: datatool-fp 2019/09/27 v2.32 (NLCT)
 (/usr/local/texlive/2024/texmf-dist/tex/latex/fp/fp.sty
Package: fp 1995/04/02
 `Fixed Point Package', Version 0.8, April 2, 1995 (C) Michael Mehlich (/usr/local/texlive/2024/texmf-dist/tex/latex/fp/defpattern.sty
Package: defpattern 1994/10/12
\actioncount=\count313
) (/usr/local/texlive/2024/texmf-dist/tex/latex/fp/fp-basic.sty
Package: fp-basic 1996/05/13
\FP@xs=\count314
\FP@xia=\count315
\FP@xib=\count316
\FP@xfa=\count317
\FP@xfb=\count318
\FP@rega=\count319
\FP@regb=\count320
\FP@regs=\count321
\FP@times=\count322
) (/usr/local/texlive/2024/texmf-dist/tex/latex/fp/fp-addons.sty
Package: fp-addons 1995/03/15
) (/usr/local/texlive/2024/texmf-dist/tex/latex/fp/fp-snap.sty
Package: fp-snap 1995/04/05
) (/usr/local/texlive/2024/texmf-dist/tex/latex/fp/fp-exp.sty
Package: fp-exp 1995/04/03
) (/usr/local/texlive/2024/texmf-dist/tex/latex/fp/fp-trigo.sty
Package: fp-trigo 1995/04/14
) (/usr/local/texlive/2024/texmf-dist/tex/latex/fp/fp-pas.sty
Package: fp-pas 1994/08/29
) (/usr/local/texlive/2024/texmf-dist/tex/latex/fp/fp-random.sty
Package: fp-random 1995/02/23
\FPseed=\count323
) (/usr/local/texlive/2024/texmf-dist/tex/latex/fp/fp-eqn.sty
Package: fp-eqn 1995/04/03
) (/usr/local/texlive/2024/texmf-dist/tex/latex/fp/fp-upn.sty
Package: fp-upn 1996/10/21
) (/usr/local/texlive/2024/texmf-dist/tex/latex/fp/fp-eval.sty
Package: fp-eval 1995/04/03
)))
\@dtl@toks=\toks41
\@dtl@tmpcount=\count324
\dtl@tmplength=\skip64
\dtl@sortresult=\count325
\@dtl@numgrpsepcount=\count326
\@dtl@datatype=\count327
\dtl@codeA=\count328
\dtl@codeB=\count329
\@dtl@foreach@level=\count330
) (/usr/local/texlive/2024/texmf-dist/tex/latex/tracklang/tracklang.sty
Package: tracklang 2022/12/13 v1.6.1 (NLCT) Track Languages
 (/usr/local/texlive/2024/texmf-dist/tex/generic/tracklang/tracklang.tex)) (/usr/local/texlive/2024/texmf-dist/tex/latex/translator/translator.sty
Package: translator 2021-05-31 v1.12d Easy translation of strings in LaTeX
) (/usr/local/texlive/2024/texmf-dist/tex/latex/glossaries-spanish/glossaries-spanish.ldf
File: glossaries-spanish.ldf 2014/11/23 v1.0
 (/usr/local/texlive/2024/texmf-dist/tex/latex/glossaries-spanish/glossaries-spanish-utf8.ldf))
\gls@level=\count331
\@gls@tmpb=\toks42
\gls@tmplen=\skip65
\glskeylisttok=\toks43
\glslabeltok=\toks44
\glsshorttok=\toks45
\glslongtok=\toks46
 (/usr/local/texlive/2024/texmf-dist/tex/latex/glossaries/styles/glossary-hypernav.sty
Package: glossary-hypernav 2023/09/29 v4.53 (NLCT)
) (/usr/local/texlive/2024/texmf-dist/tex/latex/glossaries/styles/glossary-list.sty
Package: glossary-list 2023/09/29 v4.53 (NLCT)
\glslistdottedwidth=\skip66
) (/usr/local/texlive/2024/texmf-dist/tex/latex/glossaries/styles/glossary-long.sty
Package: glossary-long 2023/09/29 v4.53 (NLCT)
 (/usr/local/texlive/2024/texmf-dist/tex/latex/tools/longtable.sty
Package: longtable 2023-11-01 v4.19 Multi-page Table package (DPC)
\LTleft=\skip67
\LTright=\skip68
\LTpre=\skip69
\LTpost=\skip70
\LTchunksize=\count332
\LTcapwidth=\dimen194
\LT@head=\box63
\LT@firsthead=\box64
\LT@foot=\box65
\LT@lastfoot=\box66
\LT@gbox=\box67
\LT@cols=\count333
\LT@rows=\count334
\c@LT@tables=\count335
\c@LT@chunks=\count336
\LT@p@ftn=\toks47
)
\glsdescwidth=\skip71
\glspagelistwidth=\skip72
) (/usr/local/texlive/2024/texmf-dist/tex/latex/glossaries/styles/glossary-super.sty
Package: glossary-super 2023/09/29 v4.53 (NLCT)
 (/usr/local/texlive/2024/texmf-dist/tex/latex/supertabular/supertabular.sty
Package: supertabular 2020/02/02 v4.1g the supertabular environment
\c@tracingst=\count337
\ST@wd=\dimen195
\ST@rightskip=\skip73
\ST@leftskip=\skip74
\ST@parfillskip=\skip75
\ST@pageleft=\dimen196
\ST@headht=\dimen197
\ST@tailht=\dimen198
\ST@pagesofar=\dimen199
\ST@pboxht=\dimen256
\ST@lineht=\dimen257
\ST@prevht=\dimen258
\ST@toadd=\dimen259
\ST@dimen=\dimen260
\ST@pbox=\box68
)) (/usr/local/texlive/2024/texmf-dist/tex/latex/glossaries/styles/glossary-tree.sty
Package: glossary-tree 2023/09/29 v4.53 (NLCT)
\glstreeindent=\skip76
))
\glswrite=\write3
\glo@main@file=\write4
\openout4 = `main.glo'.

Package glossaries Info: Writing glossary file main.glo on input line 46.
 (./glosario.tex) (/usr/local/texlive/2024/texmf-dist/tex/latex/nomencl/nomencl.sty
Package: nomencl 2021/11/10 v5.6 Nomenclature package
 (/usr/local/texlive/2024/texmf-dist/tex/latex/koma-script/tocbasic.sty
Package: tocbasic 2023/07/07 v3.41 KOMA-Script package (handling toc-files)
 (/usr/local/texlive/2024/texmf-dist/tex/latex/koma-script/scrbase.sty
Package: scrbase 2023/07/07 v3.41 KOMA-Script package (KOMA-Script-independent basics and keyval usage)
 (/usr/local/texlive/2024/texmf-dist/tex/latex/koma-script/scrlfile.sty
Package: scrlfile 2023/07/07 v3.41 KOMA-Script package (file load hooks)
 (/usr/local/texlive/2024/texmf-dist/tex/latex/koma-script/scrlfile-hook.sty
Package: scrlfile-hook 2023/07/07 v3.41 KOMA-Script package (using LaTeX hooks)
 (/usr/local/texlive/2024/texmf-dist/tex/latex/koma-script/scrlogo.sty
Package: scrlogo 2023/07/07 v3.41 KOMA-Script package (logo)
)))
Applying: [2021/05/01] Usage of raw or classic option list on input line 252.
Already applied: [0000/00/00] Usage of raw or classic option list on input line 368.
)
\scr@dte@tocline@numberwidth=\skip77
\scr@dte@tocline@numbox=\box69
)
Package tocbasic Info: setting babel extension for `nlo' on input line 187.
Package tocbasic Info: setting babel extension for `nls' on input line 188.
\nomlabelwidth=\dimen261
\nom@tempdim=\dimen262
\nomitemsep=\skip78
)
\@nomenclaturefile=\write5
\openout5 = `main.nlo'.

Package nomencl Info: Writing nomenclature file main.nlo on input line 51.
 (./simbolos.tex) (/usr/local/texlive/2024/texmf-dist/tex/latex/geometry/geometry.sty
Package: geometry 2020/01/02 v5.9 Page Geometry
 (/usr/local/texlive/2024/texmf-dist/tex/generic/iftex/ifvtex.sty
Package: ifvtex 2019/10/25 v1.7 ifvtex legacy package. Use iftex instead.
)
\Gm@cnth=\count338
\Gm@cntv=\count339
\c@Gm@tempcnt=\count340
\Gm@bindingoffset=\dimen263
\Gm@wd@mp=\dimen264
\Gm@odd@mp=\dimen265
\Gm@even@mp=\dimen266
\Gm@layoutwidth=\dimen267
\Gm@layoutheight=\dimen268
\Gm@layouthoffset=\dimen269
\Gm@layoutvoffset=\dimen270
\Gm@dimlist=\toks48
) (/usr/local/texlive/2024/texmf-dist/tex/latex/fncychap/fncychap.sty
Package: fncychap 2007/07/30 v1.34 LaTeX package (Revised chapters)
\RW=\skip79
\mylen=\skip80
\myhi=\skip81
\px=\skip82
\py=\skip83
\pyy=\skip84
\pxx=\skip85
) (./paquetes_y_comandos_usuario.tex) (./main.aux
LaTeX Info: Redefining \. on input line 8.
LaTeX Info: Redefining \% on input line 8.
LaTeX Info: Redefining \. on input line 15.
LaTeX Info: Redefining \% on input line 15.
LaTeX Info: Redefining \. on input line 16.
LaTeX Info: Redefining \% on input line 16.
LaTeX Info: Redefining \. on input line 50.
LaTeX Info: Redefining \% on input line 50.
LaTeX Info: Redefining \. on input line 51.
LaTeX Info: Redefining \% on input line 51.
)
\openout1 = `main.aux'.

LaTeX Font Info:    Checking defaults for OML/cmm/m/it on input line 85.
LaTeX Font Info:    ... okay on input line 85.
LaTeX Font Info:    Checking defaults for OMS/cmsy/m/n on input line 85.
LaTeX Font Info:    ... okay on input line 85.
LaTeX Font Info:    Checking defaults for OT1/cmr/m/n on input line 85.
LaTeX Font Info:    ... okay on input line 85.
LaTeX Font Info:    Checking defaults for T1/cmr/m/n on input line 85.
LaTeX Font Info:    ... okay on input line 85.
LaTeX Font Info:    Checking defaults for TS1/cmr/m/n on input line 85.
LaTeX Font Info:    ... okay on input line 85.
LaTeX Font Info:    Checking defaults for OMX/cmex/m/n on input line 85.
LaTeX Font Info:    ... okay on input line 85.
LaTeX Font Info:    Checking defaults for U/cmr/m/n on input line 85.
LaTeX Font Info:    ... okay on input line 85.
LaTeX Font Info:    Checking defaults for PD1/pdf/m/n on input line 85.
LaTeX Font Info:    ... okay on input line 85.
LaTeX Font Info:    Checking defaults for PU/pdf/m/n on input line 85.
LaTeX Font Info:    ... okay on input line 85.
LaTeX Info: Redefining \. on input line 85.
LaTeX Info: Redefining \% on input line 85.
 (/usr/local/texlive/2024/texmf-dist/tex/context/base/mkii/supp-pdf.mkii
[Loading MPS to PDF converter (version 2006.09.02).]
\scratchcounter=\count341
\scratchdimen=\dimen271
\scratchbox=\box70
\nofMPsegments=\count342
\nofMParguments=\count343
\everyMPshowfont=\toks49
\MPscratchCnt=\count344
\MPscratchDim=\dimen272
\MPnumerator=\count345
\makeMPintoPDFobject=\count346
\everyMPtoPDFconversion=\toks50
) (/usr/local/texlive/2024/texmf-dist/tex/latex/epstopdf-pkg/epstopdf-base.sty
Package: epstopdf-base 2020-01-24 v2.11 Base part for package epstopdf
 (/usr/local/texlive/2024/texmf-dist/tex/latex/grfext/grfext.sty
Package: grfext 2019/12/03 v1.3 Manage graphics extensions (HO)
)
Package epstopdf-base Info: Redefining graphics rule for `.eps' on input line 485.
Package grfext Info: Graphics extension search list:
(grfext)             [.pdf,.png,.jpg,.mps,.jpeg,.jbig2,.jb2,.PDF,.PNG,.JPG,.JPEG,.JBIG2,.JB2,.eps]
(grfext)             \AppendGraphicsExtensions on input line 504.
 (/usr/local/texlive/2024/texmf-dist/tex/latex/latexconfig/epstopdf-sys.cfg
File: epstopdf-sys.cfg 2010/07/13 v1.3 Configuration of (r)epstopdf for TeX Live
))
Package hyperref Info: Link coloring OFF on input line 85.
 (./main.out) (./main.out)
\@outlinefile=\write6
\openout6 = `main.out'.

Package caption Info: Begin \AtBeginDocument code.
Package caption Info: longtable package is loaded.
 (/usr/local/texlive/2024/texmf-dist/tex/latex/caption/ltcaption.sty
Package: ltcaption 2021/01/08 v1.4c longtable captions (AR)
)
Package caption Info: supertabular package is loaded.
Package caption Info: End \AtBeginDocument code.

babelbib: Use citation-dependent languages in bibliography
babelbib: Set bibliography fall-back language to spanish
babelbib: spanish.bdf loaded because language spanish defined.
(/usr/local/texlive/2024/texmf-dist/tex/latex/babelbib/spanish.bdf
File: spanish.bdf 2021/01/06 v1.34 babelbib: multilingual bibliographies

babelbib extension \bibsspanish added to \extrasspanish
babelbib extension \btxifchangecaseoff added to \extrasspanish
)
LaTeX Info: Redefining \. on input line 85.
LaTeX Info: Redefining \% on input line 85.

*geometry* driver: auto-detecting
*geometry* detected driver: pdftex
*geometry* verbose mode - [ preamble ] result:
* driver: pdftex
* paper: letterpaper
* layout: <same size as paper>
* layoutoffset:(h,v)=(0.0pt,0.0pt)
* modes: 
* h-part:(L,W,R)=(108.405pt, 433.62001pt, 72.26999pt)
* v-part:(T,H,B)=(72.26999pt, 650.43001pt, 72.26999pt)
* \paperwidth=614.295pt
* \paperheight=794.96999pt
* \textwidth=433.62001pt
* \textheight=650.43001pt
* \oddsidemargin=36.13501pt
* \evensidemargin=36.13501pt
* \topmargin=-37.0pt
* \headheight=12.0pt
* \headsep=25.0pt
* \topskip=10.0pt
* \footskip=30.0pt
* \marginparwidth=65.0pt
* \marginparsep=11.0pt
* \columnsep=10.0pt
* \skip\footins=9.0pt plus 4.0pt minus 2.0pt
* \hoffset=0.0pt
* \voffset=0.0pt
* \mag=1000
* \@twocolumnfalse
* \@twosidefalse
* \@mparswitchfalse
* \@reversemarginfalse
* (1in=72.27pt=25.4mm, 1cm=28.453pt)

*geometry* verbose mode - [ newgeometry ] result:
* driver: pdftex
* paper: letterpaper
* layout: <same size as paper>
* layoutoffset:(h,v)=(0.0pt,0.0pt)
* modes: 
* h-part:(L,W,R)=(85.35826pt, 443.57848pt, 85.35826pt)
* v-part:(T,H,B)=(72.26999pt, 722.7pt, 0.0pt)
* \paperwidth=614.295pt
* \paperheight=794.96999pt
* \textwidth=443.57848pt
* \textheight=722.7pt
* \oddsidemargin=13.08827pt
* \evensidemargin=13.08827pt
* \topmargin=-37.0pt
* \headheight=12.0pt
* \headsep=25.0pt
* \topskip=10.0pt
* \footskip=30.0pt
* \marginparwidth=65.0pt
* \marginparsep=11.0pt
* \columnsep=10.0pt
* \skip\footins=9.0pt plus 4.0pt minus 2.0pt
* \hoffset=0.0pt
* \voffset=0.0pt
* \mag=1000
* \@twocolumnfalse
* \@twosidefalse
* \@mparswitchfalse
* \@reversemarginfalse
* (1in=72.27pt=25.4mm, 1cm=28.453pt)

<plantilla/portadacit.jpg, id=80, 1927.2pt x 752.8125pt>
File: plantilla/portadacit.jpg Graphic file (type jpg)
<use plantilla/portadacit.jpg>
Package pdftex.def Info: plantilla/portadacit.jpg  used on input line 111.
(pdftex.def)             Requested size: 965.1268pt x 376.99901pt.
<plantilla/fondologo_grande.png, id=81, 969.02025pt x 430.0065pt>
File: plantilla/fondologo_grande.png Graphic file (type png)
<use plantilla/fondologo_grande.png>
Package pdftex.def Info: plantilla/fondologo_grande.png  used on input line 111.
(pdftex.def)             Requested size: 187.27997pt x 83.11005pt.
Package epstopdf Info: Source file: <plantilla/logoUVGblanco.eps>
(epstopdf)                    date: 2025-02-25 16:41:16
(epstopdf)                    size: 733366 bytes
(epstopdf)             Output file: <plantilla/logoUVGblanco-eps-converted-to.pdf>
(epstopdf)                    date: 2025-02-27 17:04:01
(epstopdf)                    size: 8721 bytes
(epstopdf)             Command: <repstopdf --outfile=plantilla/logoUVGblanco-eps-converted-to.pdf plantilla/logoUVGblanco.eps>
(epstopdf)             \includegraphics on input line 111.
Package epstopdf Info: Output file is already uptodate.
<plantilla/logoUVGblanco-eps-converted-to.pdf, id=83, 680.5425pt x 174.6525pt>
File: plantilla/logoUVGblanco-eps-converted-to.pdf Graphic file (type pdf)
<use plantilla/logoUVGblanco-eps-converted-to.pdf>
Package pdftex.def Info: plantilla/logoUVGblanco-eps-converted-to.pdf  used on input line 111.
(pdftex.def)             Requested size: 154.88077pt x 39.74872pt.
[1

\openout3 = `main.ist'.


{/usr/local/texlive/2024/texmf-var/fonts/map/pdftex/updmap/pdftex.map}{/usr/local/texlive/2024/texmf-dist/fonts/enc/dvips/cm-super/cm-super-t1.enc} <./plantilla/portadacit.jpg> <./plantilla/fondologo_grande.png> <./plantilla/logoUVGblanco-eps-converted-to.pdf>]
Package epstopdf Info: Source file: <plantilla/escudoUVGnegro.eps>
(epstopdf)                    date: 2025-02-25 16:41:16
(epstopdf)                    size: 353392 bytes
(epstopdf)             Output file: <plantilla/escudoUVGnegro-eps-converted-to.pdf>
(epstopdf)                    date: 2025-02-27 17:04:02
(epstopdf)                    size: 37938 bytes
(epstopdf)             Command: <repstopdf --outfile=plantilla/escudoUVGnegro-eps-converted-to.pdf plantilla/escudoUVGnegro.eps>
(epstopdf)             \includegraphics on input line 135.
Package epstopdf Info: Output file is already uptodate.
<plantilla/escudoUVGnegro-eps-converted-to.pdf, id=96, 141.52875pt x 209.78375pt>
File: plantilla/escudoUVGnegro-eps-converted-to.pdf Graphic file (type pdf)
<use plantilla/escudoUVGnegro-eps-converted-to.pdf>
Package pdftex.def Info: plantilla/escudoUVGnegro-eps-converted-to.pdf  used on input line 135.
(pdftex.def)             Requested size: 105.574pt x 156.49014pt.
 [1

 <./plantilla/escudoUVGnegro-eps-converted-to.pdf>]
Underfull \hbox (badness 10000) in paragraph at lines 158--159

 []


Underfull \hbox (badness 10000) in paragraph at lines 165--166

 []

[2]
LaTeX Font Info:    Trying to load font information for T1+cmss on input line 188.
 (/usr/local/texlive/2024/texmf-dist/tex/latex/base/t1cmss.fd
File: t1cmss.fd 2023/04/13 v2.5m Standard LaTeX font definitions
) (./prefacio.tex)
Underfull \hbox (badness 10000) in paragraph at lines 1--196

 []


Underfull \hbox (badness 10000) in paragraph at lines 1--196

 []

[3


] (./main.toc
LaTeX Info: Redefining \. on input line 1.
LaTeX Info: Redefining \% on input line 1.
LaTeX Info: Redefining \. on input line 2.
LaTeX Info: Redefining \% on input line 2.
LaTeX Info: Redefining \. on input line 3.
LaTeX Info: Redefining \% on input line 3.
LaTeX Font Info:    Trying to load font information for U+msa on input line 8.
 (/usr/local/texlive/2024/texmf-dist/tex/latex/amsfonts/umsa.fd
File: umsa.fd 2013/01/14 v3.01 AMS symbols A
)
LaTeX Font Info:    Trying to load font information for U+msb on input line 8.
 (/usr/local/texlive/2024/texmf-dist/tex/latex/amsfonts/umsb.fd
File: umsb.fd 2013/01/14 v3.01 AMS symbols B
)
LaTeX Info: Redefining \. on input line 21.
LaTeX Info: Redefining \% on input line 21.
LaTeX Info: Redefining \. on input line 22.
LaTeX Info: Redefining \% on input line 22.
)
\tf@toc=\write7
\openout7 = `main.toc'.

 [4

] (./resumen.tex) [5


]
Cap\'{\i }tulo 1.
(./introduccion.tex) [1

]
LaTeX Info: Redefining \. on input line 273.
LaTeX Info: Redefining \% on input line 273.
 [2]
Cap\'{\i }tulo 2.
(./objetivos.tex [3

])
LaTeX Info: Redefining \. on input line 285.
LaTeX Info: Redefining \% on input line 285.
 [4]
Cap\'{\i }tulo 3.
(./justificacion.tex) [5

]
Cap\'{\i }tulo 4.
(./marco_teorico.tex
LaTeX Font Info:    Trying to load font information for T1+cmtt on input line 20.
 (/usr/local/texlive/2024/texmf-dist/tex/latex/base/t1cmtt.fd
File: t1cmtt.fd 2023/04/13 v2.5m Standard LaTeX font definitions
)
Overfull \hbox (39.16315pt too wide) in paragraph at lines 20--21
\T1/cmr/m/n/10 NEO-PI-R de Cos-ta y Mc-Crae (1992), dis-po-ni-ble en: []$\T1/cmtt/m/n/10 https : / / ipip . ori . org / 30FacetNEO-[]PI-[]RItems .
 []

[6

]
LaTeX Info: Redefining \. on input line 66.
LaTeX Info: Redefining \% on input line 66.
 [7{/usr/local/texlive/2024/texmf-dist/fonts/enc/dvips/cm-super/cm-super-ts1.enc}])
LaTeX Info: Redefining \. on input line 309.
LaTeX Info: Redefining \% on input line 309.
 [8]
Cap\'{\i }tulo 5.
(./antecedentes.tex [9

])
LaTeX Info: Redefining \. on input line 342.
LaTeX Info: Redefining \% on input line 342.
 [10]
Cap\'{\i }tulo 6.
(./conclusiones.tex [11

])
LaTeX Info: Redefining \. on input line 354.
LaTeX Info: Redefining \% on input line 354.
 [12]
Cap\'{\i }tulo 7.
(./recomendaciones.tex [13

])
LaTeX Info: Redefining \. on input line 366.
LaTeX Info: Redefining \% on input line 366.
 [14] (./main.bbl
babelbib: Using the BibTeX style's default font for `name'.
babelbib: Using the BibTeX style's default font for `lastname'.
babelbib: Using the BibTeX style's default font for `title'.
babelbib: Using the BibTeX style's default font for `jtitle'.
babelbib: Using the BibTeX style's default font for `etal'.
babelbib: Using the BibTeX style's default font for `journal'.
babelbib: Using the BibTeX style's default font for `volume'.
babelbib: Using the BibTeX style's default font for `ISBN'.
babelbib: Using the BibTeX style's default font for `ISSN'.
babelbib: Using the BibTeX style's default font for `url'.
babelbib: Using the BibTeX style's default font for `numeral'.
LaTeX Info: Redefining \sptext on input line 13.
LaTeX Info: Redefining \lsc on input line 13.
LaTeX Info: Redefining \. on input line 13.
LaTeX Info: Redefining \% on input line 13.
LaTeX Info: Redefining \dotlessi on input line 13.
LaTeX Info: Redefining \sptext on input line 13.
LaTeX Info: Redefining \lsc on input line 13.
LaTeX Info: Redefining \. on input line 13.
LaTeX Info: Redefining \% on input line 13.
LaTeX Info: Redefining \dotlessi on input line 13.

LaTeX Warning: Empty `thebibliography' environment on input line 15.

LaTeX Info: Redefining \. on input line 15.
LaTeX Info: Redefining \% on input line 15.
) (./bibliografia.tex
Underfull \hbox (badness 10000) in paragraph at lines 2--4

 []


Overfull \hbox (1.01965pt too wide) in paragraph at lines 5--7
[]\T1/cmr/m/n/10 Foro Eco-nó-mi-co Mun-dial. (2023). The Fu-tu-re of Jobs Re-port 2023. WEF. []$\T1/cmtt/m/n/10 https : / / www . weforum .
 []


Underfull \hbox (badness 10000) in paragraph at lines 5--7

 []


Overfull \hbox (13.02104pt too wide) in paragraph at lines 8--10
\T1/cmtt/m/n/10 learning _ analytics _ OrLA _ Supporting _ inter-[]stakeholder _ communication _ about _ adoption _ of _
 []


Underfull \hbox (badness 10000) in paragraph at lines 8--10

 []


Underfull \hbox (badness 10000) in paragraph at lines 11--13

 []

)
Overfull \hbox (38.84904pt too wide) in paragraph at lines 14--378
\T1/cmr/m/n/10 CRO. []$\T1/cmtt/m/n/10 https : / / www . unicef . org / lac / informes / ninos-[]y-[]ninas-[]en-[]america-[]latina-[]y-[]el-[]caribe-[]2020$[]
 []


Package glossaries Warning: No \printglossary or \printglossaries found. 
(Remove \makeglossaries if you don't want any glossaries.) 
This document will not have a glossary.

[15


] (./main.aux
LaTeX Info: Redefining \. on input line 8.
LaTeX Info: Redefining \% on input line 8.
LaTeX Info: Redefining \. on input line 15.
LaTeX Info: Redefining \% on input line 15.
LaTeX Info: Redefining \. on input line 16.
LaTeX Info: Redefining \% on input line 16.
LaTeX Info: Redefining \. on input line 50.
LaTeX Info: Redefining \% on input line 50.
LaTeX Info: Redefining \. on input line 51.
LaTeX Info: Redefining \% on input line 51.
)
 ***********
LaTeX2e <2023-11-01> patch level 1
L3 programming layer <2024-02-20>
 ***********
Package rerunfilecheck Info: File `main.out' has not changed.
(rerunfilecheck)             Checksum: 9BEA6A7E735836F5D82CBAFAFD8653DF;2797.
 ) 
Here is how much of TeX's memory you used:
 22857 strings out of 474116
 398541 string characters out of 5743682
 1936187 words of memory out of 5000000
 44737 multiletter control sequences out of 15000+600000
 570300 words of font info for 59 fonts, out of 8000000 for 9000
 1141 hyphenation exceptions out of 8191
 110i,10n,107p,2402b,678s stack positions out of 10000i,1000n,20000p,200000b,200000s
</usr/local/texlive/2024/texmf-dist/fonts/type1/public/cm-super/sfbx1000.pfb></usr/local/texlive/2024/texmf-dist/fonts/type1/public/cm-super/sfbx1440.pfb></usr/local/texlive/2024/texmf-dist/fonts/type1/public/cm-super/sfbx1728.pfb></usr/local/texlive/2024/texmf-dist/fonts/type1/public/cm-super/sfcc1000.pfb></usr/local/texlive/2024/texmf-dist/fonts/type1/public/cm-super/sfrm1000.pfb></usr/local/texlive/2024/texmf-dist/fonts/type1/public/cm-super/sfrm1200.pfb></usr/local/texlive/2024/texmf-dist/fonts/type1/public/cm-super/sfrm1440.pfb></usr/local/texlive/2024/texmf-dist/fonts/type1/public/cm-super/sfrm1728.pfb></usr/local/texlive/2024/texmf-dist/fonts/type1/public/cm-super/sfrm2488.pfb></usr/local/texlive/2024/texmf-dist/fonts/type1/public/cm-super/sfsl1000.pfb></usr/local/texlive/2024/texmf-dist/fonts/type1/public/cm-super/sfss1440.pfb></usr/local/texlive/2024/texmf-dist/fonts/type1/public/cm-super/sfss2488.pfb></usr/local/texlive/2024/texmf-dist/fonts/type1/public/cm-super/sftt1000.pfb></usr/local/texlive/2024/texmf-dist/fonts/type1/public/cm-super/sfxc1000.pfb>
Output written on main.pdf (21 pages, 675617 bytes).
PDF statistics:
 331 PDF objects out of 1000 (max. 8388607)
 270 compressed objects within 3 object streams
 67 named destinations out of 1000 (max. 500000)
 173 words of extra memory for PDF output out of 10000 (max. 10000000)

